Using pre-set license
Built from '2020.2/release' branch; Version is '2020.2.1f1 (270dd8c3da1c) revision 2559448'; Using compiler version '192528614'; Build Type 'Release'
OS: 'Windows 10  (10.0.0) 64bit' Language: 'en' Physical Memory: 7074 MB
BatchMode: 1, IsHumanControllingUs: 0, StartBugReporterOnCrash: 0, Is64bit: 1, IsPro: 0

 COMMAND LINE ARGUMENTS:
C:\Program Files\Unity\Hub\Editor\2020.2.1f1\Editor\Unity.exe
-adb2
-batchMode
-noUpm
-name
AssetImportWorker0
-projectPath
C:/Users/acmoo/Desktop/ProjectAlpha-main/TowerDefence
-logFile
Logs/AssetImportWorker0.log
-srvPort
63490
Successfully changed project path to: C:/Users/acmoo/Desktop/ProjectAlpha-main/TowerDefence
C:/Users/acmoo/Desktop/ProjectAlpha-main/TowerDefence
Using Asset Import Pipeline V2.
Unable to join player connection multicast group.

Unable to join player connection alternative multicast group.

Refreshing native plugins compatible for Editor in 135.88 ms, found 0 plugins.
Preloading 0 native plugins for Editor in 0.00 ms.
Initialize engine version: 2020.2.1f1 (270dd8c3da1c)
[Subsystems] Discovering subsystems at path C:/Program Files/Unity/Hub/Editor/2020.2.1f1/Editor/Data/Resources/UnitySubsystems
[Subsystems] Discovering subsystems at path C:/Users/acmoo/Desktop/ProjectAlpha-main/TowerDefence/Assets
GfxDevice: creating device client; threaded=0
Direct3D:
    Version:  Direct3D 11.0 [level 11.1]
    Renderer: AMD Radeon(TM) R4 Graphics (ID=0x9851)
    Vendor:   
    VRAM:     3537 MB
    Driver:   27.20.14501.28009
Initialize mono
Mono path[0] = 'C:/Program Files/Unity/Hub/Editor/2020.2.1f1/Editor/Data/Managed'
Mono path[1] = 'C:/Program Files/Unity/Hub/Editor/2020.2.1f1/Editor/Data/MonoBleedingEdge/lib/mono/unityjit'
Mono config path = 'C:/Program Files/Unity/Hub/Editor/2020.2.1f1/Editor/Data/MonoBleedingEdge/etc'
Using monoOptions --debugger-agent=transport=dt_socket,embedding=1,server=y,suspend=n,address=127.0.0.1:56904
Begin MonoManager ReloadAssembly
Registering precompiled unity dll's ...
Register platform support module: C:/Program Files/Unity/Hub/Editor/2020.2.1f1/Editor/Data/PlaybackEngines/WebGLSupport/UnityEditor.WebGL.Extensions.dll
Register platform support module: C:/Program Files/Unity/Hub/Editor/2020.2.1f1/Editor/Data/PlaybackEngines/WindowsStandaloneSupport/UnityEditor.WindowsStandalone.Extensions.dll
Registered in 0.007539 seconds.
Native extension for WindowsStandalone target not found
Native extension for WebGL target not found
Refreshing native plugins compatible for Editor in 85.43 ms, found 0 plugins.
Preloading 0 native plugins for Editor in 0.00 ms.
Invoked RoslynAnalysisRunner static constructor.
RoslynAnalysisRunner will not be running.
RoslynAnalysisRunner has terminated.
Mono: successfully reloaded assembly
- Completed reload, in  3.843 seconds
Platform modules already initialized, skipping
Registering precompiled user dll's ...
Registered in 0.002670 seconds.
Begin MonoManager ReloadAssembly
Native extension for WindowsStandalone target not found
Native extension for WebGL target not found
Refreshing native plugins compatible for Editor in 0.55 ms, found 0 plugins.
Preloading 0 native plugins for Editor in 0.00 ms.
Invoked RoslynAnalysisRunner static constructor.
RoslynAnalysisRunner will not be running.
RoslynAnalysisRunner has terminated.
Mono: successfully reloaded assembly
- Completed reload, in  2.767 seconds
Platform modules already initialized, skipping
========================================================================
Worker process is ready to serve import requests
Launched and connected shader compiler UnityShaderCompiler.exe after 0.16 seconds
Refreshing native plugins compatible for Editor in 0.57 ms, found 0 plugins.
Preloading 0 native plugins for Editor in 0.00 ms.
Unloading 1078 Unused Serialized files (Serialized files now loaded: 0)
System memory in use before: 55.6 MB.
System memory in use after: 55.7 MB.

Unloading 9 unused Assets to reduce memory usage. Loaded Objects now: 1519.
Total: 5.863500 ms (FindLiveObjects: 0.635800 ms CreateObjectMapping: 0.115400 ms MarkObjects: 4.940500 ms  DeleteObjects: 0.167100 ms)

========================================================================
Received Import Request.
  path: Assets/Scenes/mainMenu.unity
  artifactKey: Guid(fc55e05aff552b949b16486b444924bb) Importer(815301076,1909f56bfc062723c751e8b465ee728b)
Start importing Assets/Scenes/mainMenu.unity using Guid(fc55e05aff552b949b16486b444924bb) Importer(815301076,1909f56bfc062723c751e8b465ee728b)  -> (artifact id: 'de9a49266bb14ee768171a49e2b4918b') in 0.158894 seconds
  Import took 0.186754 seconds .

========================================================================
Received Import Request.
  Time since last request: 3605.420392 seconds.
  path: Assets/Scenes/gameOver.unity
  artifactKey: Guid(133454770c87c43498f1b0e5e9079a92) Importer(815301076,1909f56bfc062723c751e8b465ee728b)
Start importing Assets/Scenes/gameOver.unity using Guid(133454770c87c43498f1b0e5e9079a92) Importer(815301076,1909f56bfc062723c751e8b465ee728b)  -> (artifact id: 'f4f0911739aebffac7071596296dc35a') in 0.069917 seconds
  Import took 0.075457 seconds .

========================================================================
Received Import Request.
  Time since last request: 117.305868 seconds.
  path: Assets/Scripts/changeScene.cs
  artifactKey: Guid(a75984c73f57ebb42b69d9c7a542e8ea) Importer(815301076,1909f56bfc062723c751e8b465ee728b)
Start importing Assets/Scripts/changeScene.cs using Guid(a75984c73f57ebb42b69d9c7a542e8ea) Importer(815301076,1909f56bfc062723c751e8b465ee728b)  -> (artifact id: '0c16b0132d0da0c477eb45e42ba48829') in 0.397575 seconds
  Import took 0.432012 seconds .

========================================================================
Received Prepare
Registering precompiled user dll's ...
Registered in 0.004139 seconds.
Begin MonoManager ReloadAssembly
Native extension for WindowsStandalone target not found
Native extension for WebGL target not found
Refreshing native plugins compatible for Editor in 0.58 ms, found 0 plugins.
Preloading 0 native plugins for Editor in 0.00 ms.
Invoked RoslynAnalysisRunner static constructor.
RoslynAnalysisRunner will not be running.
RoslynAnalysisRunner has terminated.
Mono: successfully reloaded assembly
- Completed reload, in  3.294 seconds
Platform modules already initialized, skipping
Refreshing native plugins compatible for Editor in 0.65 ms, found 0 plugins.
Preloading 0 native plugins for Editor in 0.00 ms.
Unloading 1072 Unused Serialized files (Serialized files now loaded: 0)
System memory in use before: 55.6 MB.
System memory in use after: 55.7 MB.

Unloading 4 unused Assets to reduce memory usage. Loaded Objects now: 1521.
Total: 7.395100 ms (FindLiveObjects: 0.530800 ms CreateObjectMapping: 0.161200 ms MarkObjects: 6.538900 ms  DeleteObjects: 0.160100 ms)

========================================================================
Received Import Request.
  Time since last request: 302.592176 seconds.
  path: Assets/Scripts/changeScene.cs
  artifactKey: Guid(a75984c73f57ebb42b69d9c7a542e8ea) Importer(815301076,1909f56bfc062723c751e8b465ee728b)
Start importing Assets/Scripts/changeScene.cs using Guid(a75984c73f57ebb42b69d9c7a542e8ea) Importer(815301076,1909f56bfc062723c751e8b465ee728b)  -> (artifact id: 'ee1d5e6c8393c1e46102d5367cc26796') in 0.045385 seconds
  Import took 0.069376 seconds .

========================================================================
Received Prepare
Registering precompiled user dll's ...
Registered in 0.002689 seconds.
Begin MonoManager ReloadAssembly
Native extension for WindowsStandalone target not found
Native extension for WebGL target not found
Refreshing native plugins compatible for Editor in 0.81 ms, found 0 plugins.
Preloading 0 native plugins for Editor in 0.00 ms.
Invoked RoslynAnalysisRunner static constructor.
RoslynAnalysisRunner will not be running.
RoslynAnalysisRunner has terminated.
Mono: successfully reloaded assembly
- Completed reload, in  3.296 seconds
Platform modules already initialized, skipping
Refreshing native plugins compatible for Editor in 0.69 ms, found 0 plugins.
Preloading 0 native plugins for Editor in 0.00 ms.
Unloading 1072 Unused Serialized files (Serialized files now loaded: 0)
System memory in use before: 55.7 MB.
System memory in use after: 55.8 MB.

Unloading 4 unused Assets to reduce memory usage. Loaded Objects now: 1523.
Total: 5.691400 ms (FindLiveObjects: 0.504900 ms CreateObjectMapping: 0.137700 ms MarkObjects: 4.992200 ms  DeleteObjects: 0.051600 ms)

========================================================================
Received Import Request.
  Time since last request: 33.341380 seconds.
  path: Assets/Scenes/optionsScreen.unity
  artifactKey: Guid(f3e69209cdb64c140b97438930be10da) Importer(815301076,1909f56bfc062723c751e8b465ee728b)
Start importing Assets/Scenes/optionsScreen.unity using Guid(f3e69209cdb64c140b97438930be10da) Importer(815301076,1909f56bfc062723c751e8b465ee728b)  -> (artifact id: '389001700de4035702f133d464a85113') in 0.079958 seconds
  Import took 0.095670 seconds .

AssetImportWorkerClient::OnTransportError - code=2 error=End of file
